<!DOCTYPE html PUBLIC "-//W3C//DTD XHTML 1.1//EN" "https://www.w3.org/TR/xhtml11/DTD/xhtml11.dtd">
<html xmlns="https://www.w3.org/1999/xhtml">
<head>
<meta http-equiv="content-type" content="text/html; charset=UTF-8"/>
<title>TestNG Report</title>
<style type="text/css">table {margin-bottom:10px;border-collapse:collapse;empty-cells:show}th,td {border:1px solid #009;padding:.25em .5em}th {vertical-align:bottom}td {vertical-align:top}table a {font-weight:bold}.stripe td {background-color: #E6EBF9}.num {text-align:right}.passedodd td {background-color: #3F3}.passedeven td {background-color: #0A0}.skippedodd td {background-color: #DDD}.skippedeven td {background-color: #CCC}.failedodd td,.attn {background-color: #F33}.failedeven td,.stripe .attn {background-color: #D00}.stacktrace {white-space:pre;font-family:monospace}.totop {font-size:85%;text-align:center;border-bottom:2px solid #000}.invisible {display:none}</style>
</head>
<body>
<table>
<tr><th>Test</th><th># Passed</th><th># Skipped</th><th># Retried</th><th># Failed</th><th>Time (ms)</th><th>Included Groups</th><th>Excluded Groups</th></tr>
<tr><th colspan="8">Functiona_Suite</th></tr>
<tr><td><a href="#t0">SalesForec_Application_ValidLoginTest</a></td><td class="num">1</td><td class="num">0</td><td class="num">0</td><td class="num">0</td><td class="num">8,022</td><td></td><td></td></tr>
<tr class="stripe"><td><a href="#t1">SalesForec_Application_INValidLoginTest</a></td><td class="num">0</td><td class="num">0</td><td class="num">0</td><td class="num attn">1</td><td class="num">32,368</td><td></td><td></td></tr>
<tr><td><a href="#t2">SalesForec_Application_forgotpasswordTest</a></td><td class="num">1</td><td class="num">0</td><td class="num">0</td><td class="num">0</td><td class="num">1,402</td><td></td><td></td></tr>
<tr class="stripe"><td><a href="#t3">SalesForec_Application_clearthepasswordTest</a></td><td class="num">1</td><td class="num">0</td><td class="num">0</td><td class="num">0</td><td class="num">1,472</td><td></td><td></td></tr>
<tr><th>Total</th><th class="num">3</th><th class="num">0</th><th class="num">0</th><th class="num attn">1</th><th class="num">43,264</th><th colspan="2"></th></tr>
</table>
<table id='summary'><thead><tr><th>Class</th><th>Method</th><th>Start</th><th>Time (ms)</th></tr></thead><tbody><tr><th colspan="4">Functiona_Suite</th></tr></tbody><tbody id="t0"><tr><th colspan="4">SalesForec_Application_ValidLoginTest &#8212; passed</th></tr><tr class="passedeven"><td rowspan="1">com.salesforce.Login.SalesForceLogin</td><td><a href="#m0">checkLogin_success_or_not</a></td><td rowspan="1">1592309385960</td><td rowspan="1">6608</td></tr></tbody>
<tbody id="t1"><tr><th colspan="4">SalesForec_Application_INValidLoginTest &#8212; failed</th></tr><tr class="failedeven"><td rowspan="1">com.salesforce.InvalidLogin.SalesForceInvalidLogin</td><td><a href="#m1">checkLoginInvalidcredentials</a></td><td rowspan="1">1592309393194</td><td rowspan="1">31690</td></tr></tbody>
<tbody id="t2"><tr><th colspan="4">SalesForec_Application_forgotpasswordTest &#8212; passed</th></tr><tr class="passedeven"><td rowspan="1">com.salesforce.forgotpasswordTest.forgotpassword</td><td><a href="#m2">forgotpassword</a></td><td rowspan="1">1592309425574</td><td rowspan="1">1238</td></tr></tbody>
<tbody id="t3"><tr><th colspan="4">SalesForec_Application_clearthepasswordTest &#8212; passed</th></tr><tr class="passedeven"><td rowspan="1">com.salesforce.ClearPasswordTest.clearthepassword</td><td><a href="#m3">Clear_the_password</a></td><td rowspan="1">1592309427021</td><td rowspan="1">1299</td></tr></tbody>
</table>
<h2>SalesForec_Application_ValidLoginTest</h2><h3 id="m0">com.salesforce.Login.SalesForceLogin#checkLogin_success_or_not</h3><table class="result"><tr><th class="invisible"/></tr></table><p class="totop"><a href="#summary">back to summary</a></p>
<h2>SalesForec_Application_INValidLoginTest</h2><h3 id="m1">com.salesforce.InvalidLogin.SalesForceInvalidLogin#checkLoginInvalidcredentials</h3><table class="result"><tr><th>Exception</th></tr><tr><td><div class="stacktrace">org.openqa.selenium.TimeoutException: Expected condition failed: waiting for visibility of Proxy element for: DefaultElementLocator &apos;By.xpath: //img[@id=&apos;phHeaderLogoImage&apos;]&apos; (tried for 30 second(s) with 500 milliseconds interval)
	at org.openqa.selenium.support.ui.WebDriverWait.timeoutException(WebDriverWait.java:95)
	at org.openqa.selenium.support.ui.FluentWait.until(FluentWait.java:272)
	at com.salesforce.utilites.BrowserUtilites.waitElementToVisible(BrowserUtilites.java:41)
	at com.salesforce.POM_LoginwithInvalidCredentials.POM_InvalidLogin.loginToSalesForcewithInValidCredentials(POM_InvalidLogin.java:46)
	at com.salesforce.InvalidLogin.SalesForceInvalidLogin.checkLoginInvalidcredentials(SalesForceInvalidLogin.java:26)
	at java.util.ArrayList.forEach(Unknown Source)
Caused by: org.openqa.selenium.NoSuchElementException: no such element: Unable to locate element: {&quot;method&quot;:&quot;xpath&quot;,&quot;selector&quot;:&quot;//img[@id=&apos;phHeaderLogoImage&apos;]&quot;}
  (Session info: chrome=83.0.4103.97)
For documentation on this error, please visit: http://seleniumhq.org/exceptions/no_such_element.html
Build info: version: &apos;3.141.5&apos;, revision: &apos;d54ebd709a&apos;, time: &apos;2018-11-06T11:42:16&apos;
System info: host: &apos;SIRI-PC&apos;, ip: &apos;192.168.0.23&apos;, os.name: &apos;Windows 10&apos;, os.arch: &apos;amd64&apos;, os.version: &apos;10.0&apos;, java.version: &apos;1.8.0_251&apos;
Driver info: org.openqa.selenium.chrome.ChromeDriver
Capabilities {acceptInsecureCerts: false, browserName: chrome, browserVersion: 83.0.4103.97, chrome: {chromedriverVersion: 83.0.4103.39 (ccbf011cb2d2b..., userDataDir: C:\Users\siri\AppData\Local...}, goog:chromeOptions: {debuggerAddress: localhost:56693}, javascriptEnabled: true, networkConnectionEnabled: false, pageLoadStrategy: normal, platform: WINDOWS, platformName: WINDOWS, proxy: Proxy(), setWindowRect: true, strictFileInteractability: false, timeouts: {implicit: 0, pageLoad: 300000, script: 30000}, unhandledPromptBehavior: dismiss and notify, webauthn:virtualAuthenticators: true}
Session ID: 524abe12aa35ee809b88b31dfe99de26
*** Element info: {Using=xpath, value=//img[@id=&apos;phHeaderLogoImage&apos;]}
	at org.openqa.selenium.remote.http.W3CHttpResponseCodec.createException(W3CHttpResponseCodec.java:187)
	at org.openqa.selenium.remote.http.W3CHttpResponseCodec.decode(W3CHttpResponseCodec.java:122)
	at org.openqa.selenium.remote.http.W3CHttpResponseCodec.decode(W3CHttpResponseCodec.java:49)
	at org.openqa.selenium.remote.HttpCommandExecutor.execute(HttpCommandExecutor.java:158)
	at org.openqa.selenium.remote.service.DriverCommandExecutor.execute(DriverCommandExecutor.java:83)
	at org.openqa.selenium.remote.RemoteWebDriver.execute(RemoteWebDriver.java:552)
	at org.openqa.selenium.remote.RemoteWebDriver.findElement(RemoteWebDriver.java:323)
	at org.openqa.selenium.remote.RemoteWebDriver.findElementByXPath(RemoteWebDriver.java:428)
	at org.openqa.selenium.By$ByXPath.findElement(By.java:353)
	at org.openqa.selenium.remote.RemoteWebDriver.findElement(RemoteWebDriver.java:315)
	at org.openqa.selenium.support.pagefactory.DefaultElementLocator.findElement(DefaultElementLocator.java:69)
	at org.openqa.selenium.support.pagefactory.internal.LocatingElementHandler.invoke(LocatingElementHandler.java:38)
	at com.sun.proxy.$Proxy11.isDisplayed(Unknown Source)
	at org.openqa.selenium.support.ui.ExpectedConditions.elementIfVisible(ExpectedConditions.java:314)
	at org.openqa.selenium.support.ui.ExpectedConditions.access$000(ExpectedConditions.java:43)
	at org.openqa.selenium.support.ui.ExpectedConditions$10.apply(ExpectedConditions.java:300)
	at org.openqa.selenium.support.ui.ExpectedConditions$10.apply(ExpectedConditions.java:297)
	at org.openqa.selenium.support.ui.FluentWait.until(FluentWait.java:249)
	... 31 more
... Removed 30 stack frames</div></td></tr></table><p class="totop"><a href="#summary">back to summary</a></p>
<h2>SalesForec_Application_forgotpasswordTest</h2><h3 id="m2">com.salesforce.forgotpasswordTest.forgotpassword#forgotpassword</h3><table class="result"><tr><th class="invisible"/></tr></table><p class="totop"><a href="#summary">back to summary</a></p>
<h2>SalesForec_Application_clearthepasswordTest</h2><h3 id="m3">com.salesforce.ClearPasswordTest.clearthepassword#Clear_the_password</h3><table class="result"><tr><th class="invisible"/></tr></table><p class="totop"><a href="#summary">back to summary</a></p>
</body>
</html>
